rider/build/outputs/logs/manifest-merger-release-report.txt
-- Merging decision tree log ---
manifest
ADDED from src/main/AndroidManifest.xml:2:1-88:12
INJECTED from src/main/AndroidManifest.xml:2:1-88:12
INJECTED from src/main/AndroidManifest.xml:2:1-88:12
INJECTED from src/main/AndroidManifest.xml:2:1-88:12
MERGED from [:common] AndroidManifest.xml:2:1-32:12
MERGED from [com.android.databinding:adapters:3.1.3] AndroidManifest.xml:17:1-24:12
MERGED from [com.android.databinding:library:3.1.3] AndroidManifest.xml:17:1-24:12
MERGED from [com.andkulikov:transitionseverywhere:1.7.8] AndroidManifest.xml:2:1-14:12
MERGED from [link.fls:swipestack:0.3.0] AndroidManifest.xml:2:1-16:12
MERGED from [com.github.Innomalist:floatingsearchview:0.3] AndroidManifest.xml:2:1-14:12
MERGED from [com.airbnb.android:lottie:2.2.5] AndroidManifest.xml:2:1-12:12
MERGED from [at.wirecube:additive_animations:1.3.1] AndroidManifest.xml:17:1-28:12
MERGED from [com.crashlytics.sdk.android:crashlytics:2.9.1] AndroidManifest.xml:2:1-19:12
MERGED from [com.google.android.gms:play-services-places:15.0.0] AndroidManifest.xml:17:1-24:12
MERGED from [com.android.volley:volley:1.1.1] AndroidManifest.xml:2:1-11:12
MERGED from [com.android.support:multidex:1.0.3] AndroidManifest.xml:17:1-22:12
MERGED from [com.google.maps.android:android-maps-utils:0.5] AndroidManifest.xml:2:1-13:12
MERGED from [com.google.firebase:firebase-core:15.0.0] AndroidManifest.xml:2:1-9:12
MERGED from [com.firebaseui:firebase-ui:3.3.1] AndroidManifest.xml:2:1-15:12
MERGED from [com.firebaseui:firebase-ui-auth:3.3.1] AndroidManifest.xml:2:1-93:12
MERGED from [com.google.firebase:firebase-auth:15.0.0] AndroidManifest.xml:17:1-32:12
MERGED from [com.google.android.gms:play-services-maps:15.0.0] AndroidManifest.xml:17:1-32:12
MERGED from [com.google.android.gms:play-services-location:15.0.0] AndroidManifest.xml:2:1-9:12
MERGED from [com.android.support:design:27.1.0] AndroidManifest.xml:17:1-22:12
MERGED from [com.android.support:preference-v14:27.1.0] AndroidManifest.xml:17:1-22:12
MERGED from [de.psdev.licensesdialog:licensesdialog:1.8.3] AndroidManifest.xml:16:6-20:12
MERGED from [com.bartoszlipinski:viewpropertyobjectanimator:1.2.0] AndroidManifest.xml:2:1-11:12
MERGED from [com.google.android.gms:play-services-wallet:15.0.0] AndroidManifest.xml:17:1-22:12
MERGED from [com.google.android.gms:play-services-flags:15.0.1] AndroidManifest.xml:17:1-22:12
MERGED from [com.google.android.gms:play-services-identity:15.0.1] AndroidManifest.xml:17:1-24:12
MERGED from [com.google.android.gms:play-services-auth:15.0.0] AndroidManifest.xml:17:1-39:12
MERGED from [com.google.android.gms:play-services-auth-api-phone:15.0.1] AndroidManifest.xml:2:1-7:12
MERGED from [com.google.android.gms:play-services-auth-base:15.0.0] AndroidManifest.xml:2:1-7:12
MERGED from [com.firebaseui:firebase-ui-firestore:3.3.1] AndroidManifest.xml:2:1-13:12
MERGED from [com.google.firebase:firebase-firestore:15.0.0] AndroidManifest.xml:2:1-8:12
MERGED from [com.firebaseui:firebase-ui-storage:3.3.1] AndroidManifest.xml:2:1-11:12
MERGED from [com.google.firebase:firebase-storage:15.0.0] AndroidManifest.xml:2:1-8:12
MERGED from [com.firebaseui:firebase-ui-database:3.3.1] AndroidManifest.xml:2:1-13:12
MERGED from [com.google.firebase:firebase-database:15.0.0] AndroidManifest.xml:2:1-8:12
MERGED from [com.google.firebase:firebase-database-connection:15.0.0] AndroidManifest.xml:2:1-8:12
MERGED from [com.google.firebase:firebase-analytics:15.0.2] AndroidManifest.xml:17:1-55:12
MERGED from [com.google.firebase:firebase-analytics-impl:15.0.2] AndroidManifest.xml:17:1-41:12
MERGED from [com.google.firebase:firebase-iid:15.1.0] AndroidManifest.xml:17:1-65:12
MERGED from [com.google.firebase:firebase-iid-interop:15.0.0] AndroidManifest.xml:2:1-10:12
MERGED from [com.google.android.gms:play-services-base:15.0.1] AndroidManifest.xml:17:1-29:12
MERGED from [com.google.android.gms:play-services-places-placereport:15.0.1] AndroidManifest.xml:17:1-24:12
MERGED from [com.google.firebase:firebase-common:15.0.1] AndroidManifest.xml:2:1-15:12
MERGED from [com.google.android.gms:play-services-tasks:15.0.1] AndroidManifest.xml:2:1-9:12
MERGED from [com.google.android.gms:play-services-stats:15.0.1] AndroidManifest.xml:2:1-9:12
MERGED from [com.google.android.gms:play-services-ads-identifier:15.0.1] AndroidManifest.xml:17:1-24:12
MERGED from [com.google.firebase:firebase-database-collection:15.0.1] AndroidManifest.xml:2:1-8:12
MERGED from [com.google.firebase:firebase-storage-common:15.0.0] AndroidManifest.xml:2:1-8:12
MERGED from [com.google.android.gms:play-services-basement:15.0.1] AndroidManifest.xml:17:1-28:12
MERGED from [com.github.kizitonwose.colorpreference:support:1.0.3] AndroidManifest.xml:2:1-17:12
MERGED from [com.android.support:preference-v7:27.1.0] AndroidManifest.xml:17:1-22:12
MERGED from [com.android.support:support-v4:27.1.0] AndroidManifest.xml:17:1-22:12
MERGED from [com.github.sharish:CreditCardView:v1.0.4] AndroidManifest.xml:2:1-17:12
MERGED from [com.android.support:cardview-v7:27.1.0] AndroidManifest.xml:17:1-22:12
MERGED from [com.github.medyo:android-about-page:1.2.1] AndroidManifest.xml:2:1-12:12
MERGED from [com.github.yalantis:ucrop:2.2.1] AndroidManifest.xml:2:1-12:12
MERGED from [com.github.esafirm.android-image-picker:imagepicker:1.12.0] AndroidManifest.xml:2:1-32:12
MERGED from [gun0912.ted:tedpermission:2.0.3] AndroidManifest.xml:2:1-17:12
MERGED from [com.afollestad.material-dialogs:core:0.9.6.0] AndroidManifest.xml:2:1-15:12
MERGED from [com.github.MAXDeliveryNG:slideview:1.1.0] AndroidManifest.xml:2:1-14:12
MERGED from [com.github.kizitonwose.colorpreference:core:1.0.3] AndroidManifest.xml:2:1-17:12
MERGED from [me.zhanghai.android.materialprogressbar:library:1.4.2] AndroidManifest.xml:6:1-16:12
MERGED from [com.android.support:customtabs:27.1.0] AndroidManifest.xml:17:1-22:12
MERGED from [com.android.support:appcompat-v7:27.1.0] AndroidManifest.xml:17:1-22:12
MERGED from [com.android.support:animated-vector-drawable:27.1.0] AndroidManifest.xml:17:1-22:12
MERGED from [com.android.support:support-vector-drawable:27.1.0] AndroidManifest.xml:17:1-22:12
MERGED from [com.stripe:stripe-android:1.0.4] AndroidManifest.xml:2:1-11:12
MERGED from [com.android.support.constraint:constraint-layout:1.1.0] AndroidManifest.xml:2:1-11:12
MERGED from [com.weiwangcn.betterspinner:library-material:1.1.0] AndroidManifest.xml:2:1-16:12
MERGED from [de.hdodenhof:circleimageview:2.2.0] AndroidManifest.xml:2:1-11:12
MERGED from [com.github.bumptech.glide:glide:4.6.1] AndroidManifest.xml:2:1-13:12
MERGED from [com.ramotion.foldingcell:folding-cell:1.2.1] AndroidManifest.xml:2:1-12:12
MERGED from [se.emilsjolander:stickylistheaders:2.7.0] AndroidManifest.xml:2:1-11:12
MERGED from [com.tapadoo.android:alerter:2.0.4] AndroidManifest.xml:2:1-20:12
MERGED from [com.rengwuxian.materialedittext:library:2.0.3] AndroidManifest.xml:2:1-10:12
MERGED from [com.firebaseui:firebase-ui-common:3.3.1] AndroidManifest.xml:2:1-11:12
MERGED from [com.android.support:recyclerview-v7:27.1.0] AndroidManifest.xml:17:1-22:12
MERGED from [android.arch.lifecycle:extensions:1.1.0] AndroidManifest.xml:17:1-30:12
MERGED from [com.android.support:support-fragment:27.1.0] AndroidManifest.xml:17:1-22:12
MERGED from [com.android.support:support-core-ui:27.1.0] AndroidManifest.xml:17:1-22:12
MERGED from [android.arch.lifecycle:livedata:1.1.0] AndroidManifest.xml:17:1-22:12
MERGED from [android.arch.lifecycle:livedata-core:1.1.0] AndroidManifest.xml:17:1-22:12
MERGED from [android.arch.core:runtime:1.1.0] AndroidManifest.xml:17:1-22:12
MERGED from [com.android.support:transition:27.1.0] AndroidManifest.xml:17:1-22:12
MERGED from [com.android.support:support-media-compat:27.1.0] AndroidManifest.xml:17:1-22:12
MERGED from [com.android.support:support-core-utils:27.1.0] AndroidManifest.xml:17:1-22:12
MERGED from [com.android.support:support-compat:27.1.0] AndroidManifest.xml:17:1-22:12
MERGED from [android.arch.lifecycle:runtime:1.1.0] AndroidManifest.xml:17:1-22:12
MERGED from [android.arch.lifecycle:viewmodel:1.1.0] AndroidManifest.xml:17:1-22:12
MERGED from [com.github.bumptech.glide:gifdecoder:4.6.1] AndroidManifest.xml:2:1-11:12
MERGED from [com.crashlytics.sdk.android:beta:1.2.7] AndroidManifest.xml:2:1-13:12
MERGED from [com.crashlytics.sdk.android:crashlytics-core:2.6.1] AndroidManifest.xml:45:1-56:12
MERGED from [com.crashlytics.sdk.android:answers:1.4.1] AndroidManifest.xml:2:1-13:12
MERGED from [io.fabric.sdk.android:fabric:1.4.2] AndroidManifest.xml:22:1-33:12
MERGED from [com.github.ozodrukh:CircularReveal:1.0.5] AndroidManifest.xml:2:1-12:12
MERGED from [com.google.android.gms:play-services-measurement-base:15.0.2] AndroidManifest.xml:17:1-24:12
INJECTED from src/main/AndroidManifest.xml:2:1-88:12
INJECTED from src/main/AndroidManifest.xml:2:1-88:12
INJECTED from src/main/AndroidManifest.xml:2:1-88:12
	package
		ADDED from src/main/AndroidManifest.xml:4:5-35
		INJECTED from src/main/AndroidManifest.xml
		INJECTED from src/main/AndroidManifest.xml
	android:versionName
		INJECTED from src/main/AndroidManifest.xml
		ADDED from src/main/AndroidManifest.xml:2:1-88:12
		INJECTED from src/main/AndroidManifest.xml
	xmlns:tools
		ADDED from src/main/AndroidManifest.xml:3:5-51
	android:versionCode
		INJECTED from src/main/AndroidManifest.xml
		ADDED from src/main/AndroidManifest.xml:2:1-88:12
		INJECTED from src/main/AndroidManifest.xml
	xmlns:android
		ADDED from src/main/AndroidManifest.xml:2:11-69
uses-permission#android.permission.ACCESS_FINE_LOCATION
ADDED from src/main/AndroidManifest.xml:6:5-79
MERGED from [:common] AndroidManifest.xml:11:5-79
MERGED from [:common] AndroidManifest.xml:11:5-79
	android:name
		ADDED from src/main/AndroidManifest.xml:6:22-76
uses-permission#android.permission.ACCESS_COARSE_LOCATION
ADDED from src/main/AndroidManifest.xml:7:5-81
MERGED from [:common] AndroidManifest.xml:12:5-81
MERGED from [:common] AndroidManifest.xml:12:5-81
	android:name
		ADDED from src/main/AndroidManifest.xml:7:22-78
uses-permission#android.permission.INTERNET
ADDED from src/main/AndroidManifest.xml:8:5-67
MERGED from [com.crashlytics.sdk.android:crashlytics:2.9.1] AndroidManifest.xml:9:5-67
MERGED from [com.crashlytics.sdk.android:crashlytics:2.9.1] AndroidManifest.xml:9:5-67
MERGED from [com.firebaseui:firebase-ui:3.3.1] AndroidManifest.xml:11:5-67
MERGED from [com.firebaseui:firebase-ui:3.3.1] AndroidManifest.xml:11:5-67
MERGED from [com.firebaseui:firebase-ui-auth:3.3.1] AndroidManifest.xml:13:5-67
MERGED from [com.firebaseui:firebase-ui-auth:3.3.1] AndroidManifest.xml:13:5-67
MERGED from [com.google.android.gms:play-services-maps:15.0.0] AndroidManifest.xml:24:5-67
MERGED from [com.google.android.gms:play-services-maps:15.0.0] AndroidManifest.xml:24:5-67
MERGED from [com.firebaseui:firebase-ui-firestore:3.3.1] AndroidManifest.xml:11:5-67
MERGED from [com.firebaseui:firebase-ui-firestore:3.3.1] AndroidManifest.xml:11:5-67
MERGED from [com.firebaseui:firebase-ui-database:3.3.1] AndroidManifest.xml:11:5-67
MERGED from [com.firebaseui:firebase-ui-database:3.3.1] AndroidManifest.xml:11:5-67
MERGED from [com.google.firebase:firebase-analytics:15.0.2] AndroidManifest.xml:23:5-67
MERGED from [com.google.firebase:firebase-analytics:15.0.2] AndroidManifest.xml:23:5-67
MERGED from [com.google.firebase:firebase-analytics-impl:15.0.2] AndroidManifest.xml:23:5-67
MERGED from [com.google.firebase:firebase-analytics-impl:15.0.2] AndroidManifest.xml:23:5-67
MERGED from [com.google.firebase:firebase-iid:15.1.0] AndroidManifest.xml:23:5-67
MERGED from [com.google.firebase:firebase-iid:15.1.0] AndroidManifest.xml:23:5-67
MERGED from [com.crashlytics.sdk.android:beta:1.2.7] AndroidManifest.xml:9:5-67
MERGED from [com.crashlytics.sdk.android:beta:1.2.7] AndroidManifest.xml:9:5-67
MERGED from [com.crashlytics.sdk.android:crashlytics-core:2.6.1] AndroidManifest.xml:52:5-67
MERGED from [com.crashlytics.sdk.android:crashlytics-core:2.6.1] AndroidManifest.xml:52:5-67
MERGED from [com.crashlytics.sdk.android:answers:1.4.1] AndroidManifest.xml:9:5-67
MERGED from [com.crashlytics.sdk.android:answers:1.4.1] AndroidManifest.xml:9:5-67
MERGED from [io.fabric.sdk.android:fabric:1.4.2] AndroidManifest.xml:29:5-67
MERGED from [io.fabric.sdk.android:fabric:1.4.2] AndroidManifest.xml:29:5-67
	android:name
		ADDED from src/main/AndroidManifest.xml:8:22-64
uses-permission#android.permission.READ_PHONE_STATE
ADDED from src/main/AndroidManifest.xml:10:5-75
	android:name
		ADDED from src/main/AndroidManifest.xml:10:22-72
uses-permission#android.permission.RECEIVE_SMS
ADDED from src/main/AndroidManifest.xml:12:5-70
	android:name
		ADDED from src/main/AndroidManifest.xml:12:22-67
uses-permission#android.permission.SEND_SMS
ADDED from src/main/AndroidManifest.xml:13:5-66
	android:name
		ADDED from src/main/AndroidManifest.xml:13:22-64
uses-permission#android.permission.READ_CONTACTS
ADDED from src/main/AndroidManifest.xml:14:5-72
	android:name
		ADDED from src/main/AndroidManifest.xml:14:22-69
uses-permission#android.permission.WRITE_CONTACTS
ADDED from src/main/AndroidManifest.xml:15:5-73
	android:name
		ADDED from src/main/AndroidManifest.xml:15:22-70
uses-permission#android.permission.VIBRATE
ADDED from src/main/AndroidManifest.xml:16:5-66
	android:name
		ADDED from src/main/AndroidManifest.xml:16:22-63
uses-permission#android.permission.WRITE_EXTERNAL_STORAGE
ADDED from src/main/AndroidManifest.xml:17:5-81
MERGED from [:common] AndroidManifest.xml:15:5-81
MERGED from [:common] AndroidManifest.xml:15:5-81
MERGED from [com.github.esafirm.android-image-picker:imagepicker:1.12.0] AndroidManifest.xml:12:5-81
MERGED from [com.github.esafirm.android-image-picker:imagepicker:1.12.0] AndroidManifest.xml:12:5-81
	android:name
		ADDED from src/main/AndroidManifest.xml:17:22-78
uses-permission#android.permission.CALL_PHONE
ADDED from src/main/AndroidManifest.xml:18:5-69
	android:name
		ADDED from src/main/AndroidManifest.xml:18:22-66
uses-permission#com.huawei.android.launcher.permission.WRITE_SETTINGS
ADDED from src/main/AndroidManifest.xml:19:5-93
	android:name
		ADDED from src/main/AndroidManifest.xml:19:22-90
uses-permission#android.permission.ACCESS_NETWORK_STATE
ADDED from src/main/AndroidManifest.xml:20:5-79
MERGED from [:common] AndroidManifest.xml:13:5-79
MERGED from [:common] AndroidManifest.xml:13:5-79
MERGED from [com.firebaseui:firebase-ui-auth:3.3.1] AndroidManifest.xml:12:5-79
MERGED from [com.firebaseui:firebase-ui-auth:3.3.1] AndroidManifest.xml:12:5-79
MERGED from [com.google.android.gms:play-services-maps:15.0.0] AndroidManifest.xml:23:5-79
MERGED from [com.google.android.gms:play-services-maps:15.0.0] AndroidManifest.xml:23:5-79
MERGED from [com.google.firebase:firebase-analytics:15.0.2] AndroidManifest.xml:24:5-79
MERGED from [com.google.firebase:firebase-analytics:15.0.2] AndroidManifest.xml:24:5-79
MERGED from [com.google.firebase:firebase-analytics-impl:15.0.2] AndroidManifest.xml:24:5-79
MERGED from [com.google.firebase:firebase-analytics-impl:15.0.2] AndroidManifest.xml:24:5-79
MERGED from [com.google.firebase:firebase-iid:15.1.0] AndroidManifest.xml:22:5-79
MERGED from [com.google.firebase:firebase-iid:15.1.0] AndroidManifest.xml:22:5-79
	android:name
		ADDED from src/main/AndroidManifest.xml:20:22-76
uses-permission#android.permission.RECORD_AUDIO
ADDED from src/main/AndroidManifest.xml:21:5-71
	android:name
		ADDED from src/main/AndroidManifest.xml:21:22-68
application
ADDED from src/main/AndroidManifest.xml:23:5-86:19
MERGED from [:common] AndroidManifest.xml:17:5-30:19
MERGED from [:common] AndroidManifest.xml:17:5-30:19
MERGED from [com.andkulikov:transitionseverywhere:1.7.8] AndroidManifest.xml:12:5-20
MERGED from [com.andkulikov:transitionseverywhere:1.7.8] AndroidManifest.xml:12:5-20
MERGED from [link.fls:swipestack:0.3.0] AndroidManifest.xml:11:5-14:38
MERGED from [link.fls:swipestack:0.3.0] AndroidManifest.xml:11:5-14:38
MERGED from [com.github.Innomalist:floatingsearchview:0.3] AndroidManifest.xml:12:5-20
MERGED from [com.github.Innomalist:floatingsearchview:0.3] AndroidManifest.xml:12:5-20
MERGED from [com.airbnb.android:lottie:2.2.5] AndroidManifest.xml:10:5-20
MERGED from [com.airbnb.android:lottie:2.2.5] AndroidManifest.xml:10:5-20
MERGED from [at.wirecube:additive_animations:1.3.1] AndroidManifest.xml:26:5-20
MERGED from [at.wirecube:additive_animations:1.3.1] AndroidManifest.xml:26:5-20
MERGED from [com.crashlytics.sdk.android:crashlytics:2.9.1] AndroidManifest.xml:11:5-17:19
MERGED from [com.crashlytics.sdk.android:crashlytics:2.9.1] AndroidManifest.xml:11:5-17:19
MERGED from [com.google.android.gms:play-services-places:15.0.0] AndroidManifest.xml:22:5-20
MERGED from [com.google.android.gms:play-services-places:15.0.0] AndroidManifest.xml:22:5-20
MERGED from [com.android.volley:volley:1.1.1] AndroidManifest.xml:9:5-20
MERGED from [com.android.volley:volley:1.1.1] AndroidManifest.xml:9:5-20
MERGED from [com.google.maps.android:android-maps-utils:0.5] AndroidManifest.xml:7:5-11:19
MERGED from [com.google.maps.android:android-maps-utils:0.5] AndroidManifest.xml:7:5-11:19
MERGED from [com.google.firebase:firebase-core:15.0.0] AndroidManifest.xml:7:5-20
MERGED from [com.google.firebase:firebase-core:15.0.0] AndroidManifest.xml:7:5-20
MERGED from [com.firebaseui:firebase-ui:3.3.1] AndroidManifest.xml:13:5-47
MERGED from [com.firebaseui:firebase-ui:3.3.1] AndroidManifest.xml:13:5-47
MERGED from [com.firebaseui:firebase-ui-auth:3.3.1] AndroidManifest.xml:15:5-91:19
MERGED from [com.firebaseui:firebase-ui-auth:3.3.1] AndroidManifest.xml:15:5-91:19
MERGED from [com.google.firebase:firebase-auth:15.0.0] AndroidManifest.xml:22:5-30:19
MERGED from [com.google.firebase:firebase-auth:15.0.0] AndroidManifest.xml:22:5-30:19
MERGED from [com.google.android.gms:play-services-maps:15.0.0] AndroidManifest.xml:30:5-20
MERGED from [com.google.android.gms:play-services-maps:15.0.0] AndroidManifest.xml:30:5-20
MERGED from [com.google.android.gms:play-services-location:15.0.0] AndroidManifest.xml:7:5-20
MERGED from [com.google.android.gms:play-services-location:15.0.0] AndroidManifest.xml:7:5-20
MERGED from [de.psdev.licensesdialog:licensesdialog:1.8.3] AndroidManifest.xml:19:5-19
MERGED from [de.psdev.licensesdialog:licensesdialog:1.8.3] AndroidManifest.xml:19:5-19
MERGED from [com.google.android.gms:play-services-identity:15.0.1] AndroidManifest.xml:22:5-20
MERGED from [com.google.android.gms:play-services-identity:15.0.1] AndroidManifest.xml:22:5-20
MERGED from [com.google.android.gms:play-services-auth:15.0.0] AndroidManifest.xml:22:5-37:19
MERGED from [com.google.android.gms:play-services-auth:15.0.0] AndroidManifest.xml:22:5-37:19
MERGED from [com.google.firebase:firebase-analytics:15.0.2] AndroidManifest.xml:28:5-53:19
MERGED from [com.google.firebase:firebase-analytics:15.0.2] AndroidManifest.xml:28:5-53:19
MERGED from [com.google.firebase:firebase-analytics-impl:15.0.2] AndroidManifest.xml:28:5-39:19
MERGED from [com.google.firebase:firebase-analytics-impl:15.0.2] AndroidManifest.xml:28:5-39:19
MERGED from [com.google.firebase:firebase-iid:15.1.0] AndroidManifest.xml:34:5-63:19
MERGED from [com.google.firebase:firebase-iid:15.1.0] AndroidManifest.xml:34:5-63:19
MERGED from [com.google.firebase:firebase-iid-interop:15.0.0] AndroidManifest.xml:7:5-8:19
MERGED from [com.google.firebase:firebase-iid-interop:15.0.0] AndroidManifest.xml:7:5-8:19
MERGED from [com.google.android.gms:play-services-base:15.0.1] AndroidManifest.xml:22:5-27:19
MERGED from [com.google.android.gms:play-services-base:15.0.1] AndroidManifest.xml:22:5-27:19
MERGED from [com.google.android.gms:play-services-places-placereport:15.0.1] AndroidManifest.xml:22:5-20
MERGED from [com.google.android.gms:play-services-places-placereport:15.0.1] AndroidManifest.xml:22:5-20
MERGED from [com.google.firebase:firebase-common:15.0.1] AndroidManifest.xml:7:5-13:19
MERGED from [com.google.firebase:firebase-common:15.0.1] AndroidManifest.xml:7:5-13:19
MERGED from [com.google.android.gms:play-services-tasks:15.0.1] AndroidManifest.xml:7:5-20
MERGED from [com.google.android.gms:play-services-tasks:15.0.1] AndroidManifest.xml:7:5-20
MERGED from [com.google.android.gms:play-services-stats:15.0.1] AndroidManifest.xml:7:5-20
MERGED from [com.google.android.gms:play-services-stats:15.0.1] AndroidManifest.xml:7:5-20
MERGED from [com.google.android.gms:play-services-ads-identifier:15.0.1] AndroidManifest.xml:22:5-20
MERGED from [com.google.android.gms:play-services-ads-identifier:15.0.1] AndroidManifest.xml:22:5-20
MERGED from [com.google.android.gms:play-services-basement:15.0.1] AndroidManifest.xml:22:5-26:19
MERGED from [com.google.android.gms:play-services-basement:15.0.1] AndroidManifest.xml:22:5-26:19
MERGED from [com.github.kizitonwose.colorpreference:support:1.0.3] AndroidManifest.xml:11:5-15:19
MERGED from [com.github.kizitonwose.colorpreference:support:1.0.3] AndroidManifest.xml:11:5-15:19
MERGED from [com.github.sharish:CreditCardView:v1.0.4] AndroidManifest.xml:11:5-15:19
MERGED from [com.github.sharish:CreditCardView:v1.0.4] AndroidManifest.xml:11:5-15:19
MERGED from [com.github.esafirm.android-image-picker:imagepicker:1.12.0] AndroidManifest.xml:15:5-30:19
MERGED from [com.github.esafirm.android-image-picker:imagepicker:1.12.0] AndroidManifest.xml:15:5-30:19
MERGED from [gun0912.ted:tedpermission:2.0.3] AndroidManifest.xml:9:5-15:19
MERGED from [gun0912.ted:tedpermission:2.0.3] AndroidManifest.xml:9:5-15:19
MERGED from [com.afollestad.material-dialogs:core:0.9.6.0] AndroidManifest.xml:13:5-20
MERGED from [com.afollestad.material-dialogs:core:0.9.6.0] AndroidManifest.xml:13:5-20
MERGED from [com.github.MAXDeliveryNG:slideview:1.1.0] AndroidManifest.xml:12:5-20
MERGED from [com.github.MAXDeliveryNG:slideview:1.1.0] AndroidManifest.xml:12:5-20
MERGED from [com.github.kizitonwose.colorpreference:core:1.0.3] AndroidManifest.xml:11:5-15:19
MERGED from [com.github.kizitonwose.colorpreference:core:1.0.3] AndroidManifest.xml:11:5-15:19
MERGED from [com.android.support.constraint:constraint-layout:1.1.0] AndroidManifest.xml:9:5-20
MERGED from [com.android.support.constraint:constraint-layout:1.1.0] AndroidManifest.xml:9:5-20
MERGED from [com.weiwangcn.betterspinner:library-material:1.1.0] AndroidManifest.xml:11:5-14:19
MERGED from [com.weiwangcn.betterspinner:library-material:1.1.0] AndroidManifest.xml:11:5-14:19
MERGED from [de.hdodenhof:circleimageview:2.2.0] AndroidManifest.xml:9:5-20
MERGED from [de.hdodenhof:circleimageview:2.2.0] AndroidManifest.xml:9:5-20
MERGED from [com.github.bumptech.glide:glide:4.6.1] AndroidManifest.xml:11:5-20
MERGED from [com.github.bumptech.glide:glide:4.6.1] AndroidManifest.xml:11:5-20
MERGED from [com.tapadoo.android:alerter:2.0.4] AndroidManifest.xml:12:5-18:19
MERGED from [com.tapadoo.android:alerter:2.0.4] AndroidManifest.xml:12:5-18:19
MERGED from [android.arch.lifecycle:extensions:1.1.0] AndroidManifest.xml:22:5-28:19
MERGED from [android.arch.lifecycle:extensions:1.1.0] AndroidManifest.xml:22:5-28:19
MERGED from [com.github.bumptech.glide:gifdecoder:4.6.1] AndroidManifest.xml:9:5-20
MERGED from [com.github.bumptech.glide:gifdecoder:4.6.1] AndroidManifest.xml:9:5-20
MERGED from [com.crashlytics.sdk.android:beta:1.2.7] AndroidManifest.xml:11:5-20
MERGED from [com.crashlytics.sdk.android:beta:1.2.7] AndroidManifest.xml:11:5-20
MERGED from [com.crashlytics.sdk.android:crashlytics-core:2.6.1] AndroidManifest.xml:54:5-20
MERGED from [com.crashlytics.sdk.android:crashlytics-core:2.6.1] AndroidManifest.xml:54:5-20
MERGED from [com.crashlytics.sdk.android:answers:1.4.1] AndroidManifest.xml:11:5-20
MERGED from [com.crashlytics.sdk.android:answers:1.4.1] AndroidManifest.xml:11:5-20
MERGED from [io.fabric.sdk.android:fabric:1.4.2] AndroidManifest.xml:31:5-20
MERGED from [io.fabric.sdk.android:fabric:1.4.2] AndroidManifest.xml:31:5-20
MERGED from [com.github.ozodrukh:CircularReveal:1.0.5] AndroidManifest.xml:10:5-20
MERGED from [com.github.ozodrukh:CircularReveal:1.0.5] AndroidManifest.xml:10:5-20
MERGED from [com.google.android.gms:play-services-measurement-base:15.0.2] AndroidManifest.xml:22:5-20
MERGED from [com.google.android.gms:play-services-measurement-base:15.0.2] AndroidManifest.xml:22:5-20
	android:clearTaskOnLaunch
		ADDED from src/main/AndroidManifest.xml:26:9-41
	android:supportsRtl
		ADDED from src/main/AndroidManifest.xml:32:9-35
	android:label
		ADDED from src/main/AndroidManifest.xml:29:9-41
		REJECTED from [link.fls:swipestack:0.3.0] AndroidManifest.xml:13:9-41
		REJECTED from [com.github.kizitonwose.colorpreference:support:1.0.3] AndroidManifest.xml:13:9-41
		REJECTED from [com.github.sharish:CreditCardView:v1.0.4] AndroidManifest.xml:13:9-41
		REJECTED from [com.github.kizitonwose.colorpreference:core:1.0.3] AndroidManifest.xml:13:9-41
		REJECTED from [com.weiwangcn.betterspinner:library-material:1.1.0] AndroidManifest.xml:13:9-41
	android:launchMode
		ADDED from src/main/AndroidManifest.xml:30:9-40
	android:hardwareAccelerated
		ADDED from src/main/AndroidManifest.xml:31:9-44
	android:fullBackupContent
		ADDED from src/main/AndroidManifest.xml:27:9-42
	android:icon
		ADDED from src/main/AndroidManifest.xml:28:9-39
	android:allowBackup
		ADDED from src/main/AndroidManifest.xml:25:9-35
	tools:replace
		ADDED from src/main/AndroidManifest.xml:33:9-38
	android:name
		ADDED from src/main/AndroidManifest.xml:24:9-63
meta-data#com.google.android.geo.API_KEY
ADDED from src/main/AndroidManifest.xml:34:9-36:55
	android:value
		ADDED from src/main/AndroidManifest.xml:36:13-52
	android:name
		ADDED from src/main/AndroidManifest.xml:35:13-58
meta-data#io.fabric.ApiKey
ADDED from src/main/AndroidManifest.xml:37:9-40:45
	tools:replace
		ADDED from src/main/AndroidManifest.xml:40:13-42
	android:value
		ADDED from src/main/AndroidManifest.xml:39:13-69
	android:name
		ADDED from src/main/AndroidManifest.xml:38:13-44
meta-data#com.google.android.gms.maps.API_OPTIONS
ADDED from src/main/AndroidManifest.xml:41:9-43:46
	android:value
		ADDED from src/main/AndroidManifest.xml:43:13-43
	android:name
		ADDED from src/main/AndroidManifest.xml:42:13-67
activity#com.wizag.taxi.rider.activities.splash.SplashActivity
ADDED from src/main/AndroidManifest.xml:45:9-51:20
	android:name
		ADDED from src/main/AndroidManifest.xml:45:19-87
intent-filter#action:name:android.intent.action.MAIN+category:name:android.intent.category.LAUNCHER
ADDED from src/main/AndroidManifest.xml:46:13-50:29
action#android.intent.action.MAIN
ADDED from src/main/AndroidManifest.xml:47:17-69
	android:name
		ADDED from src/main/AndroidManifest.xml:47:25-66
category#android.intent.category.LAUNCHER
ADDED from src/main/AndroidManifest.xml:49:17-77
	android:name
		ADDED from src/main/AndroidManifest.xml:49:27-74
activity#com.wizag.taxi.rider.activities.addresses.AddressesActivity
ADDED from src/main/AndroidManifest.xml:52:9-96
	android:name
		ADDED from src/main/AndroidManifest.xml:52:19-93
activity#com.wizag.taxi.rider.activities.travel.TravelActivity
ADDED from src/main/AndroidManifest.xml:53:9-55:52
	android:screenOrientation
		ADDED from src/main/AndroidManifest.xml:55:13-49
	android:name
		ADDED from src/main/AndroidManifest.xml:54:13-81
activity#com.wizag.taxi.rider.activities.profile.ProfileActivity
ADDED from src/main/AndroidManifest.xml:56:9-92
	android:name
		ADDED from src/main/AndroidManifest.xml:56:19-89
activity#com.wizag.taxi.common.activities.chargeAccount.ChargeAccountActivity
ADDED from src/main/AndroidManifest.xml:57:9-105
	android:name
		ADDED from src/main/AndroidManifest.xml:57:19-102
activity#com.wizag.taxi.rider.activities.about.AboutActivity
ADDED from src/main/AndroidManifest.xml:58:9-88
	android:name
		ADDED from src/main/AndroidManifest.xml:58:19-85
activity#com.wizag.taxi.rider.activities.settings.SettingsActivity
ADDED from src/main/AndroidManifest.xml:59:9-94
	android:name
		ADDED from src/main/AndroidManifest.xml:59:19-91
activity#com.cooltechworks.creditcarddesign.CardEditActivity
ADDED from src/main/AndroidManifest.xml:60:9-63:56
	android:screenOrientation
		ADDED from src/main/AndroidManifest.xml:62:13-49
	android:theme
		ADDED from src/main/AndroidManifest.xml:63:13-53
	android:name
		ADDED from src/main/AndroidManifest.xml:61:13-79
activity#com.yalantis.ucrop.UCropActivity
ADDED from src/main/AndroidManifest.xml:64:9-67:56
	android:screenOrientation
		ADDED from src/main/AndroidManifest.xml:66:13-49
	android:theme
		ADDED from src/main/AndroidManifest.xml:67:13-53
	android:name
		ADDED from src/main/AndroidManifest.xml:65:13-60
activity#com.gun0912.tedpermission.TedPermissionActivity
ADDED from src/main/AndroidManifest.xml:69:9-74:57
MERGED from [gun0912.ted:tedpermission:2.0.3] AndroidManifest.xml:10:9-14:67
MERGED from [gun0912.ted:tedpermission:2.0.3] AndroidManifest.xml:10:9-14:67
	android:screenOrientation
		ADDED from src/main/AndroidManifest.xml:72:13-52
		REJECTED from [gun0912.ted:tedpermission:2.0.3] AndroidManifest.xml:13:13-49
	android:configChanges
		ADDED from src/main/AndroidManifest.xml:71:13-144
	android:theme
		ADDED from src/main/AndroidManifest.xml:73:13-64
	tools:replace
		ADDED from src/main/AndroidManifest.xml:74:13-54
	android:name
		ADDED from src/main/AndroidManifest.xml:70:13-75
receiver#com.wizag.taxi.rider.services.BootCompletedReceiver
ADDED from src/main/AndroidManifest.xml:76:9-80:20
	android:name
		ADDED from src/main/AndroidManifest.xml:76:19-85
intent-filter#action:name:android.intent.action.BOOT_COMPLETED
ADDED from src/main/AndroidManifest.xml:77:13-79:29
action#android.intent.action.BOOT_COMPLETED
ADDED from src/main/AndroidManifest.xml:78:17-79
	android:name
		ADDED from src/main/AndroidManifest.xml:78:25-76
service#com.wizag.taxi.rider.services.RiderService
ADDED from src/main/AndroidManifest.xml:82:9-78
	android:name
		ADDED from src/main/AndroidManifest.xml:82:18-75
activity#com.wizag.taxi.rider.activities.main.MainActivity
ADDED from src/main/AndroidManifest.xml:84:9-86
	android:name